<?xml version="1.0" encoding="UTF-8"?>
<testsuite xmlns:xsi="http://www.w3.org/2001/XMLSchema-instance" xsi:noNamespaceSchemaLocation="https://maven.apache.org/surefire/maven-surefire-plugin/xsd/surefire-test-report.xsd" name="uaslp.objetos.list.linkedlist.LinkedListTest" time="0.317" tests="13" errors="0" skipped="0" failures="0">
  <properties>
[...]
</properties>
  <testcase name="whenLinkedListIsCreate_thenItIsEmpty" classname="uaslp.objetos.list.linkedlist.LinkedListTest" time="0.169"/>
  <testcase name="whenGetAtBadIndexOnList_thenExceptionThrow" classname="uaslp.objetos.list.linkedlist.LinkedListTest" time="0.042"/>
  <testcase name="whenSetAtDataOnList_thenThisIndexDataChange" classname="uaslp.objetos.list.linkedlist.LinkedListTest" time="0.014"/>
  <testcase name="whenRemoveOneElementIndexOnList_thenSizeDecrementOne" classname="uaslp.objetos.list.linkedlist.LinkedListTest" time="0.004"/>
  <testcase name="whenAddAtFrontList_thenSizeIncreasesOne" classname="uaslp.objetos.list.linkedlist.LinkedListTest" time="0.003"/>
  <testcase name="whenRemoveBadIndexOnList_thenExceptionIsThrow" classname="uaslp.objetos.list.linkedlist.LinkedListTest" time="0.003"/>
  <testcase name="whenRemoveAllWithValueList_thenSizeDecrement" classname="uaslp.objetos.list.linkedlist.LinkedListTest" time="0.005"/>
  <testcase name="whenSetAtNullDataOnList_thenExceptionThrow" classname="uaslp.objetos.list.linkedlist.LinkedListTest" time="0.008"/>
  <testcase name="whenAddNullDataToAddAtTailList_thenExceptionIsThrow" classname="uaslp.objetos.list.linkedlist.LinkedListTest" time="0.001"/>
  <testcase name="whenSetAtBadIndexOnList_thenExceptionThrow" classname="uaslp.objetos.list.linkedlist.LinkedListTest" time="0.007"/>
  <testcase name="whenAddNullDataToAddAtFrontList_thenExceptionIsThrow" classname="uaslp.objetos.list.linkedlist.LinkedListTest" time="0.014"/>
  <testcase name="whenAddAtTailList_thenSizeIncreasesOne" classname="uaslp.objetos.list.linkedlist.LinkedListTest" time="0"/>
  <testcase name="whenRemoveAllList_thenSizeZero" classname="uaslp.objetos.list.linkedlist.LinkedListTest" time="0"/>
</testsuite>